
Report Summary

┌──────────────────────────────┬────────┬─────────────────┬─────────┐
│            Target            │  Type  │ Vulnerabilities │ Secrets │
├──────────────────────────────┼────────┼─────────────────┼─────────┤
│ httpd:alpine (alpine 3.22.0) │ alpine │        3        │    -    │
└──────────────────────────────┴────────┴─────────────────┴─────────┘
Legend:
- '-': Not scanned
- '0': Clean (no security findings detected)


httpd:alpine (alpine 3.22.0)
============================
Total: 3 (UNKNOWN: 2, LOW: 0, MEDIUM: 1, HIGH: 0, CRITICAL: 0)

┌────────────┬───────────────┬──────────┬────────┬───────────────────┬───────────────┬──────────────────────────────────────────────────────────┐
│  Library   │ Vulnerability │ Severity │ Status │ Installed Version │ Fixed Version │                          Title                           │
├────────────┼───────────────┼──────────┼────────┼───────────────────┼───────────────┼──────────────────────────────────────────────────────────┤
│ libcrypto3 │ CVE-2025-4575 │ UNKNOWN  │ fixed  │ 3.5.0-r0          │ 3.5.1-r0      │ Issue summary: Use of -addreject option with the openssl │
│            │               │          │        │                   │               │ x509 applicat ......                                     │
│            │               │          │        │                   │               │ https://avd.aquasec.com/nvd/cve-2025-4575                │
├────────────┼───────────────┼──────────┤        ├───────────────────┼───────────────┼──────────────────────────────────────────────────────────┤
│ libcurl    │ CVE-2025-5399 │ MEDIUM   │        │ 8.14.0-r2         │ 8.14.1-r0     │ curl: libcurl: WebSocket endless loop                    │
│            │               │          │        │                   │               │ https://avd.aquasec.com/nvd/cve-2025-5399                │
├────────────┼───────────────┼──────────┤        ├───────────────────┼───────────────┼──────────────────────────────────────────────────────────┤
│ libssl3    │ CVE-2025-4575 │ UNKNOWN  │        │ 3.5.0-r0          │ 3.5.1-r0      │ Issue summary: Use of -addreject option with the openssl │
│            │               │          │        │                   │               │ x509 applicat ......                                     │
│            │               │          │        │                   │               │ https://avd.aquasec.com/nvd/cve-2025-4575                │
└────────────┴───────────────┴──────────┴────────┴───────────────────┴───────────────┴──────────────────────────────────────────────────────────┘
