
Report Summary

┌────────────────────────┬────────┬─────────────────┬─────────┐
│         Target         │  Type  │ Vulnerabilities │ Secrets │
├────────────────────────┼────────┼─────────────────┼─────────┤
│ alpine (alpine 3.22.0) │ alpine │        2        │    -    │
└────────────────────────┴────────┴─────────────────┴─────────┘
Legend:
- '-': Not scanned
- '0': Clean (no security findings detected)


alpine (alpine 3.22.0)
======================
Total: 2 (UNKNOWN: 2, LOW: 0, MEDIUM: 0, HIGH: 0, CRITICAL: 0)

┌────────────┬───────────────┬──────────┬────────┬───────────────────┬───────────────┬──────────────────────────────────────────────────────────┐
│  Library   │ Vulnerability │ Severity │ Status │ Installed Version │ Fixed Version │                          Title                           │
├────────────┼───────────────┼──────────┼────────┼───────────────────┼───────────────┼──────────────────────────────────────────────────────────┤
│ libcrypto3 │ CVE-2025-4575 │ UNKNOWN  │ fixed  │ 3.5.0-r0          │ 3.5.1-r0      │ Issue summary: Use of -addreject option with the openssl │
│            │               │          │        │                   │               │ x509 applicat ......                                     │
│            │               │          │        │                   │               │ https://avd.aquasec.com/nvd/cve-2025-4575                │
├────────────┤               │          │        │                   │               │                                                          │
│ libssl3    │               │          │        │                   │               │                                                          │
│            │               │          │        │                   │               │                                                          │
│            │               │          │        │                   │               │                                                          │
└────────────┴───────────────┴──────────┴────────┴───────────────────┴───────────────┴──────────────────────────────────────────────────────────┘
